<?xml version="1.0" encoding="UTF-8"?>
<!-- Generated by org.testng.reporters.JUnitReportReporter -->
<testsuite skipped="0" hostname="Bejoys-Mac-mini-2.local" name="com.test.AutomationTest.LaunchBrowserTest" tests="1" failures="0" timestamp="08 Jun 2017 13:22:30 GMT" time="7.386" errors="0">
  <testcase name="method" time="7.386" classname="com.test.AutomationTest.LaunchBrowserTest"/>
</testsuite> <!-- com.test.AutomationTest.LaunchBrowserTest -->
